TN:
SF:src\chat\chat.service.ts
FN:5,__resolvePath
FN:19,__applyTemplate
FN:21,(anonymous_3)
FN:30,(anonymous_4)
FN:51,(anonymous_5)
FN:66,(anonymous_6)
FN:67,(anonymous_7)
FN:69,(anonymous_8)
FNF:8
FNH:4
FNDA:0,__resolvePath
FNDA:0,__applyTemplate
FNDA:0,(anonymous_3)
FNDA:0,(anonymous_4)
FNDA:1,(anonymous_5)
FNDA:2,(anonymous_6)
FNDA:2,(anonymous_7)
FNDA:1,(anonymous_8)
DA:1,1
DA:2,1
DA:6,0
DA:7,0
DA:8,0
DA:9,0
DA:10,0
DA:11,0
DA:13,0
DA:15,0
DA:20,0
DA:21,0
DA:22,0
DA:23,0
DA:24,0
DA:25,0
DA:27,0
DA:29,0
DA:30,0
DA:31,0
DA:32,0
DA:35,0
DA:45,1
DA:53,1
DA:67,2
DA:68,2
DA:69,1
DA:73,1
LF:28
LH:8
BRDA:10,0,0,0
BRDA:20,1,0,0
BRDA:21,2,0,0
BRDA:22,3,0,0
BRDA:29,4,0,0
BRDA:32,5,0,0
BRDA:32,5,1,0
BRDA:68,6,0,1
BRF:8
BRH:1
end_of_record
