TN:
SF:src\app.controller.ts
FN:6,(anonymous_2)
FN:9,(anonymous_3)
FNF:2
FNH:2
FNDA:2,(anonymous_2)
FNDA:2,(anonymous_3)
DA:1,1
DA:2,1
DA:5,1
DA:6,2
DA:9,1
DA:10,2
LF:6
LH:6
BRF:0
BRH:0
end_of_record
TN:
SF:src\app.service.ts
FN:5,(anonymous_1)
FNF:1
FNH:0
FNDA:0,(anonymous_1)
DA:1,1
DA:4,1
DA:6,0
LF:3
LH:2
BRF:0
BRH:0
end_of_record
TN:
SF:src\chat\chat.controller.ts
FN:36,(anonymous_4)
FN:46,(anonymous_5)
FN:60,(anonymous_6)
FNF:3
FNH:3
FNDA:2,(anonymous_4)
FNDA:1,(anonymous_5)
FNDA:1,(anonymous_6)
DA:1,1
DA:11,1
DA:19,1
DA:20,1
DA:21,1
DA:31,1
DA:36,2
DA:46,1
DA:47,1
DA:60,1
DA:63,1
LF:11
LH:11
BRF:0
BRH:0
end_of_record
TN:
SF:src\chat\chat.service.ts
FN:18,(anonymous_1)
FN:33,(anonymous_2)
FN:36,(anonymous_3)
FN:39,(anonymous_4)
FNF:4
FNH:3
FNDA:2,(anonymous_1)
FNDA:2,(anonymous_2)
FNDA:2,(anonymous_3)
FNDA:0,(anonymous_4)
DA:1,2
DA:2,2
DA:12,2
DA:20,2
DA:36,2
DA:37,2
DA:38,0
DA:40,0
DA:47,2
LF:9
LH:7
BRDA:37,0,0,0
BRF:1
BRH:0
end_of_record
TN:
SF:src\chat\dto\SendMessageDto.dto.ts
FN:47,(anonymous_2)
FNF:1
FNH:0
FNDA:0,(anonymous_2)
DA:1,1
DA:2,1
DA:11,1
DA:18,1
DA:23,1
DA:26,1
DA:31,1
DA:37,1
DA:43,1
DA:47,0
DA:50,1
LF:11
LH:10
BRF:0
BRH:0
end_of_record
TN:
SF:src\emp\emp.controller.ts
FN:36,(anonymous_4)
FN:46,(anonymous_5)
FN:60,(anonymous_6)
FNF:3
FNH:3
FNDA:2,(anonymous_4)
FNDA:1,(anonymous_5)
FNDA:1,(anonymous_6)
DA:1,1
DA:11,1
DA:19,1
DA:20,1
DA:21,1
DA:31,1
DA:36,2
DA:46,1
DA:47,1
DA:60,1
DA:61,1
LF:11
LH:11
BRF:0
BRH:0
end_of_record
TN:
SF:src\emp\emp.service.ts
FN:18,(anonymous_1)
FN:33,(anonymous_2)
FN:34,(anonymous_3)
FN:37,(anonymous_4)
FNF:4
FNH:3
FNDA:2,(anonymous_1)
FNDA:2,(anonymous_2)
FNDA:2,(anonymous_3)
FNDA:0,(anonymous_4)
DA:1,2
DA:2,2
DA:12,2
DA:20,2
DA:34,2
DA:35,2
DA:36,0
DA:38,0
DA:45,2
LF:9
LH:7
BRDA:35,0,0,0
BRF:1
BRH:0
end_of_record
TN:
SF:src\emp\dto\UpdateEmpDto.dto.ts
FN:35,(anonymous_2)
FN:44,(anonymous_3)
FNF:2
FNH:0
FNDA:0,(anonymous_2)
FNDA:0,(anonymous_3)
DA:1,1
DA:2,1
DA:11,1
DA:18,1
DA:23,1
DA:26,1
DA:31,1
DA:35,0
DA:38,1
DA:41,1
DA:44,0
DA:47,1
DA:53,1
LF:13
LH:11
BRF:0
BRH:0
end_of_record
TN:
SF:src\test\test.controller.ts
FN:36,(anonymous_4)
FN:46,(anonymous_5)
FN:60,(anonymous_6)
FN:76,(anonymous_7)
FNF:4
FNH:4
FNDA:3,(anonymous_4)
FNDA:1,(anonymous_5)
FNDA:1,(anonymous_6)
FNDA:1,(anonymous_7)
DA:1,1
DA:11,1
DA:19,1
DA:20,1
DA:21,1
DA:31,1
DA:36,3
DA:46,1
DA:47,1
DA:60,1
DA:63,1
DA:76,1
DA:79,1
LF:13
LH:13
BRF:0
BRH:0
end_of_record
TN:
SF:src\test\test.service.ts
FN:22,(anonymous_1)
FN:44,(anonymous_2)
FN:48,(anonymous_3)
FN:52,(anonymous_4)
FN:73,(anonymous_5)
FN:77,(anonymous_6)
FNF:6
FNH:5
FNDA:2,(anonymous_1)
FNDA:2,(anonymous_2)
FNDA:4,(anonymous_3)
FNDA:0,(anonymous_4)
FNDA:3,(anonymous_5)
FNDA:1,(anonymous_6)
DA:1,2
DA:6,2
DA:16,2
DA:24,2
DA:47,2
DA:48,4
DA:50,2
DA:51,0
DA:53,0
DA:60,2
DA:76,3
DA:77,1
DA:81,2
LF:13
LH:11
BRDA:50,0,0,0
BRDA:76,1,0,1
BRF:2
BRH:1
end_of_record
TN:
SF:src\test\dto\CreateTestdataDto.dto.ts
FNF:0
FNH:0
DA:1,1
DA:2,1
DA:18,1
DA:23,1
DA:29,1
DA:35,1
LF:6
LH:6
BRF:0
BRH:0
end_of_record
TN:
SF:src\user\user.controller.ts
FN:36,(anonymous_4)
FN:46,(anonymous_5)
FN:60,(anonymous_6)
FN:76,(anonymous_7)
FNF:4
FNH:4
FNDA:3,(anonymous_4)
FNDA:1,(anonymous_5)
FNDA:1,(anonymous_6)
FNDA:1,(anonymous_7)
DA:1,1
DA:11,1
DA:19,1
DA:20,1
DA:21,1
DA:31,1
DA:36,3
DA:46,1
DA:47,1
DA:60,1
DA:63,1
DA:76,1
DA:79,1
LF:13
LH:13
BRF:0
BRH:0
end_of_record
TN:
SF:src\user\user.service.ts
FN:22,(anonymous_1)
FN:44,(anonymous_2)
FN:48,(anonymous_3)
FN:52,(anonymous_4)
FN:73,(anonymous_5)
FN:77,(anonymous_6)
FNF:6
FNH:5
FNDA:2,(anonymous_1)
FNDA:2,(anonymous_2)
FNDA:4,(anonymous_3)
FNDA:0,(anonymous_4)
FNDA:3,(anonymous_5)
FNDA:1,(anonymous_6)
DA:1,2
DA:6,2
DA:16,2
DA:24,2
DA:47,2
DA:48,4
DA:50,2
DA:51,0
DA:53,0
DA:60,2
DA:76,3
DA:77,1
DA:81,2
LF:13
LH:11
BRDA:50,0,0,0
BRDA:76,1,0,1
BRF:2
BRH:1
end_of_record
TN:
SF:src\user\dto\CreateUserDto.dto.ts
FNF:0
FNH:0
DA:1,1
DA:2,1
DA:18,1
DA:23,1
DA:29,1
DA:35,1
LF:6
LH:6
BRF:0
BRH:0
end_of_record
TN:
SF:src\vendor\vendor.controller.ts
FN:36,(anonymous_4)
FN:48,(anonymous_5)
FNF:2
FNH:2
FNDA:1,(anonymous_4)
FNDA:1,(anonymous_5)
DA:1,1
DA:11,1
DA:19,1
DA:20,1
DA:21,1
DA:31,1
DA:36,1
DA:48,1
DA:49,1
LF:9
LH:9
BRF:0
BRH:0
end_of_record
TN:
SF:src\vendor\vendor.service.ts
FN:10,__resolvePath
FN:24,__applyTemplate
FN:27,(anonymous_3)
FN:36,(anonymous_4)
FN:52,(anonymous_5)
FN:53,(anonymous_6)
FN:56,(anonymous_7)
FN:85,(anonymous_8)
FN:93,(anonymous_9)
FN:98,(anonymous_10)
FN:99,(anonymous_11)
FNF:11
FNH:7
FNDA:4,__resolvePath
FNDA:12,__applyTemplate
FNDA:0,(anonymous_3)
FNDA:4,(anonymous_4)
FNDA:2,(anonymous_5)
FNDA:2,(anonymous_6)
FNDA:0,(anonymous_7)
FNDA:2,(anonymous_8)
FNDA:2,(anonymous_9)
FNDA:0,(anonymous_10)
FNDA:0,(anonymous_11)
DA:1,2
DA:6,2
DA:7,2
DA:11,4
DA:12,4
DA:13,4
DA:14,4
DA:15,8
DA:16,8
DA:18,4
DA:20,0
DA:25,12
DA:26,12
DA:27,0
DA:28,12
DA:29,4
DA:30,4
DA:31,6
DA:33,4
DA:35,8
DA:36,8
DA:37,4
DA:38,4
DA:41,0
DA:51,2
DA:53,2
DA:54,2
DA:55,0
DA:57,0
DA:64,2
DA:67,2
DA:71,2
DA:75,2
DA:76,0
DA:77,0
DA:79,2
DA:86,2
DA:87,0
DA:91,2
DA:94,2
DA:95,2
DA:99,0
DA:100,0
LF:43
LH:33
BRDA:15,0,0,0
BRDA:25,1,0,0
BRDA:26,2,0,0
BRDA:28,3,0,4
BRDA:35,4,0,8
BRDA:38,5,0,0
BRDA:38,5,1,4
BRDA:54,6,0,0
BRDA:75,7,0,0
BRDA:76,8,0,0
BRDA:76,8,1,0
BRDA:83,9,0,0
BRDA:83,9,1,2
BRDA:86,10,0,0
BRDA:94,11,0,0
BRDA:100,12,0,0
BRDA:100,12,1,0
BRF:17
BRH:4
end_of_record
TN:
SF:src\vendor\dto\TranslateDto.dto.ts
FNF:0
FNH:0
DA:1,1
DA:2,1
DA:18,1
DA:23,1
DA:29,1
LF:5
LH:5
BRF:0
BRH:0
end_of_record
